c:\users\arsen\source\repos\projet_sda\sprint 3\debug\vc141.pdb
c:\users\arsen\source\repos\projet_sda\sprint 3\debug\vc141.idb
c:\users\arsen\source\repos\projet_sda\sprint 3\debug\blocdata.obj
c:\users\arsen\source\repos\projet_sda\sprint 3\debug\conteneurtd.obj
c:\users\arsen\source\repos\projet_sda\sprint 3\debug\conteneurtde.obj
c:\users\arsen\source\repos\projet_sda\sprint 3\debug\file.obj
c:\users\arsen\source\repos\projet_sda\sprint 3\debug\identificateurmessage.obj
c:\users\arsen\source\repos\projet_sda\sprint 3\debug\liste.obj
c:\users\arsen\source\repos\projet_sda\sprint 3\debug\messageencours.obj
c:\users\arsen\source\repos\projet_sda\sprint 3\debug\messagerie.obj
c:\users\arsen\source\repos\projet_sda\sprint 3\debug\paquetreseau.obj
c:\users\arsen\source\repos\projet_sda\sprint 3\debug\test.obj
c:\users\arsen\source\repos\projet_sda\debug\sprint 3.ilk
c:\users\arsen\source\repos\projet_sda\debug\sprint 3.exe
c:\users\arsen\source\repos\projet_sda\debug\sprint 3.pdb
c:\users\arsen\source\repos\projet_sda\sprint 3\debug\sprint 3.tlog\cl.command.1.tlog
c:\users\arsen\source\repos\projet_sda\sprint 3\debug\sprint 3.tlog\cl.read.1.tlog
c:\users\arsen\source\repos\projet_sda\sprint 3\debug\sprint 3.tlog\cl.write.1.tlog
c:\users\arsen\source\repos\projet_sda\sprint 3\debug\sprint 3.tlog\link.command.1.tlog
c:\users\arsen\source\repos\projet_sda\sprint 3\debug\sprint 3.tlog\link.read.1.tlog
c:\users\arsen\source\repos\projet_sda\sprint 3\debug\sprint 3.tlog\link.write.1.tlog
