c:\users\arsen\source\repos\projet_sda\sprint 5\debug\vc141.pdb
c:\users\arsen\source\repos\projet_sda\sprint 5\debug\vc141.idb
c:\users\arsen\source\repos\projet_sda\sprint 5\debug\blocdata.obj
c:\users\arsen\source\repos\projet_sda\sprint 5\debug\conteneurtd.obj
c:\users\arsen\source\repos\projet_sda\sprint 5\debug\conteneurtde.obj
c:\users\arsen\source\repos\projet_sda\sprint 5\debug\fileapriorite.obj
c:\users\arsen\source\repos\projet_sda\sprint 5\debug\identificateurmessage.obj
c:\users\arsen\source\repos\projet_sda\sprint 5\debug\liste.obj
c:\users\arsen\source\repos\projet_sda\sprint 5\debug\messageencours.obj
c:\users\arsen\source\repos\projet_sda\sprint 5\debug\messagerie.obj
c:\users\arsen\source\repos\projet_sda\sprint 5\debug\paquetreseau.obj
c:\users\arsen\source\repos\projet_sda\sprint 5\debug\test.obj
c:\users\arsen\source\repos\projet_sda\debug\sprint 5.ilk
c:\users\arsen\source\repos\projet_sda\debug\sprint 5.exe
c:\users\arsen\source\repos\projet_sda\debug\sprint 5.pdb
c:\users\arsen\source\repos\projet_sda\sprint 5\debug\sprint 5.tlog\cl.command.1.tlog
c:\users\arsen\source\repos\projet_sda\sprint 5\debug\sprint 5.tlog\cl.read.1.tlog
c:\users\arsen\source\repos\projet_sda\sprint 5\debug\sprint 5.tlog\cl.write.1.tlog
c:\users\arsen\source\repos\projet_sda\sprint 5\debug\sprint 5.tlog\link.command.1.tlog
c:\users\arsen\source\repos\projet_sda\sprint 5\debug\sprint 5.tlog\link.read.1.tlog
c:\users\arsen\source\repos\projet_sda\sprint 5\debug\sprint 5.tlog\link.write.1.tlog
