c:\users\arsen\source\repos\projet_sda\sprint 6\debug\vc141.pdb
c:\users\arsen\source\repos\projet_sda\sprint 6\debug\vc141.idb
c:\users\arsen\source\repos\projet_sda\sprint 6\debug\blocdata.obj
c:\users\arsen\source\repos\projet_sda\sprint 6\debug\conteneurtd.obj
c:\users\arsen\source\repos\projet_sda\sprint 6\debug\conteneurtde.obj
c:\users\arsen\source\repos\projet_sda\sprint 6\debug\fileapriorite.obj
c:\users\arsen\source\repos\projet_sda\sprint 6\debug\identificateurmessage.obj
c:\users\arsen\source\repos\projet_sda\sprint 6\debug\liste.obj
c:\users\arsen\source\repos\projet_sda\sprint 6\debug\messageencours.obj
c:\users\arsen\source\repos\projet_sda\sprint 6\debug\messagerie.obj
c:\users\arsen\source\repos\projet_sda\sprint 6\debug\paquetreseau.obj
c:\users\arsen\source\repos\projet_sda\sprint 6\debug\test.obj
c:\users\arsen\source\repos\projet_sda\debug\sprint 6.exe
c:\users\arsen\source\repos\projet_sda\debug\sprint 6.ilk
c:\users\arsen\source\repos\projet_sda\debug\sprint 6.pdb
c:\users\arsen\source\repos\projet_sda\sprint 6\debug\sprint 6.tlog\cl.command.1.tlog
c:\users\arsen\source\repos\projet_sda\sprint 6\debug\sprint 6.tlog\cl.read.1.tlog
c:\users\arsen\source\repos\projet_sda\sprint 6\debug\sprint 6.tlog\cl.write.1.tlog
c:\users\arsen\source\repos\projet_sda\sprint 6\debug\sprint 6.tlog\link.command.1.tlog
c:\users\arsen\source\repos\projet_sda\sprint 6\debug\sprint 6.tlog\link.read.1.tlog
c:\users\arsen\source\repos\projet_sda\sprint 6\debug\sprint 6.tlog\link.write.1.tlog
